<?xml version="1.0" encoding="UTF-8"?>
<!-- Generated by org.testng.reporters.JUnitXMLReporter -->
<testsuite ignored="0" hostname="nagarwal" failures="0" tests="13" name="SingleTest" time="11.164" errors="0" timestamp="2024-01-24T07:51:33 IST">
  <testcase classname="apiTest.ValidatePostMethod" name="validateIDValueInResponseOfPostMethod" time="2.773"/>
  <testcase classname="apiTest.ValidatePostMethod" name="validateResponseCodeInPostMethod" time="0.704"/>
  <testcase classname="apiTest.ValidatePostMethod" name="validateResponseUsingAssert" time="0.667"/>
  <testcase classname="apiTest.ValidatePostMethod" name="validateTitleValueInResponseOfPostMethod" time="0.699"/>
  <testcase classname="apiTest.ValidateGetRequest" name="verifyIDValueInResponseOfGivenGetRequest" time="0.762"/>
  <testcase classname="apiTest.ValidateGetRequest" name="verifyResponseCodeOfGivenGetRequest" time="0.705"/>
  <testcase classname="apiTest.ValidateGetRequest" name="verifyResponseCodeOfInValidGetRequest" time="0.668"/>
  <testcase classname="apiTest.ValidateGetRequest" name="verifyResponseUsingAssert" time="0.723"/>
  <testcase classname="apiTest.ValidateGetRequest" name="verifyTitleValueInResponseOfGivenGetRequest" time="0.688"/>
  <testcase classname="apiTest.ValidatePutRequest" name="verifyChangeInResponseOfPutRequest" time="0.67"/>
  <testcase classname="apiTest.ValidatePutRequest" name="verifyResponseCodeOfPutRequest" time="0.664"/>
  <testcase classname="apiTest.ValidatePutRequest" name="verifyResponseOfGivenGetRequest" time="0.695"/>
  <testcase classname="apiTest.ValidateDeleteRequest" name="VerifyResponseCodeForDeleteRequest" time="0.688"/>
</testsuite> <!-- SingleTest -->
