<?xml version="1.0" encoding="UTF-8"?>
<testsuite xmlns:xsi="http://www.w3.org/2001/XMLSchema-instance" xsi:noNamespaceSchemaLocation="https://maven.apache.org/surefire/maven-surefire-plugin/xsd/surefire-test-report-3.0.xsd" version="3.0" name="TestSuite" time="13.01" tests="13" errors="0" skipped="0" failures="0">
  <properties>
[...]
</properties>
  <testcase name="validateIDValueInResponseOfPostMethod" classname="apiTest.ValidatePostMethod" time="2.774">
    <system-out><![CDATA[{
    "id": 101,
    "title": "Book 101",
    "description": "this book we are creating for testing purpose",
    "pageCount": 1,
    "excerpt": "testing",
    "publishDate": "2023-12-16T16:44:59.059Z"
}
]]></system-out>
    <system-err><![CDATA[SLF4J: Failed to load class "org.slf4j.impl.StaticLoggerBinder".
SLF4J: Defaulting to no-operation (NOP) logger implementation
SLF4J: See http://www.slf4j.org/codes.html#StaticLoggerBinder for further details.
]]></system-err>
  </testcase>
  <testcase name="validateResponseCodeInPostMethod" classname="apiTest.ValidatePostMethod" time="0.7"/>
  <testcase name="validateResponseUsingAssert" classname="apiTest.ValidatePostMethod" time="0.67">
    <system-out><![CDATA[{
    "id": 101,
    "title": "BookNewForAutomation",
    "description": "this book we are creating for testing purpose",
    "pageCount": 1,
    "excerpt": "testing",
    "publishDate": "2023-12-16T16:44:59.059Z"
}
]]></system-out>
  </testcase>
  <testcase name="validateTitleValueInResponseOfPostMethod" classname="apiTest.ValidatePostMethod" time="0.792">
    <system-out><![CDATA[{
    "id": 101,
    "title": "BookNewForAutomation",
    "description": "this book we are creating for testing purpose",
    "pageCount": 1,
    "excerpt": "testing",
    "publishDate": "2023-12-16T16:44:59.059Z"
}
]]></system-out>
  </testcase>
  <testcase name="verifyIDValueInResponseOfGivenGetRequest" classname="apiTest.ValidateGetRequest" time="0.779">
    <system-out><![CDATA[{
    "id": 100,
    "title": "Book 100",
    "description": "Lorem lorem lorem. Lorem lorem lorem. Lorem lorem lorem.\n",
    "pageCount": 10000,
    "excerpt": "Lorem lorem lorem. Lorem lorem lorem. Lorem lorem lorem.\nLorem lorem lorem. Lorem lorem lorem. Lorem lorem lorem.\nLorem lorem lorem. Lorem lorem lorem. Lorem lorem lorem.\nLorem lorem lorem. Lorem lorem lorem. Lorem lorem lorem.\nLorem lorem lorem. Lorem lorem lorem. Lorem lorem lorem.\n",
    "publishDate": "2023-10-16T02:22:32.571586+00:00"
}
]]></system-out>
  </testcase>
  <testcase name="verifyResponseCodeOfGivenGetRequest" classname="apiTest.ValidateGetRequest" time="0.593"/>
  <testcase name="verifyResponseCodeOfInValidGetRequest" classname="apiTest.ValidateGetRequest" time="0.668"/>
  <testcase name="verifyResponseUsingAssert" classname="apiTest.ValidateGetRequest" time="0.81">
    <system-out><![CDATA[{
    "id": 100,
    "title": "Book 100",
    "description": "Lorem lorem lorem. Lorem lorem lorem. Lorem lorem lorem.\n",
    "pageCount": 10000,
    "excerpt": "Lorem lorem lorem. Lorem lorem lorem. Lorem lorem lorem.\nLorem lorem lorem. Lorem lorem lorem. Lorem lorem lorem.\nLorem lorem lorem. Lorem lorem lorem. Lorem lorem lorem.\nLorem lorem lorem. Lorem lorem lorem. Lorem lorem lorem.\nLorem lorem lorem. Lorem lorem lorem. Lorem lorem lorem.\n",
    "publishDate": "2023-10-16T02:22:34.7281955+00:00"
}
]]></system-out>
  </testcase>
  <testcase name="verifyTitleValueInResponseOfGivenGetRequest" classname="apiTest.ValidateGetRequest" time="0.605">
    <system-out><![CDATA[{
    "id": 100,
    "title": "Book 100",
    "description": "Lorem lorem lorem. Lorem lorem lorem. Lorem lorem lorem.\n",
    "pageCount": 10000,
    "excerpt": "Lorem lorem lorem. Lorem lorem lorem. Lorem lorem lorem.\nLorem lorem lorem. Lorem lorem lorem. Lorem lorem lorem.\nLorem lorem lorem. Lorem lorem lorem. Lorem lorem lorem.\nLorem lorem lorem. Lorem lorem lorem. Lorem lorem lorem.\nLorem lorem lorem. Lorem lorem lorem. Lorem lorem lorem.\n",
    "publishDate": "2023-10-16T02:22:35.4355119+00:00"
}
]]></system-out>
  </testcase>
  <testcase name="verifyChangeInResponseOfPutRequest" classname="apiTest.ValidatePutRequest" time="0.684">
    <system-out><![CDATA[{
    "id": 121,
    "title": "New Book",
    "description": "This is the put request",
    "pageCount": 0,
    "excerpt": "Test",
    "publishDate": "2023-12-16T17:40:55.925Z"
}
]]></system-out>
  </testcase>
  <testcase name="verifyResponseCodeOfPutRequest" classname="apiTest.ValidatePutRequest" time="0.648"/>
  <testcase name="verifyResponseOfGivenGetRequest" classname="apiTest.ValidatePutRequest" time="0.761">
    <system-out><![CDATA[{
    "id": 120,
    "title": "Book 120",
    "description": "Lorem lorem lorem. Lorem lorem lorem. Lorem lorem lorem.\n",
    "pageCount": 12000,
    "excerpt": "Lorem lorem lorem. Lorem lorem lorem. Lorem lorem lorem.\nLorem lorem lorem. Lorem lorem lorem. Lorem lorem lorem.\nLorem lorem lorem. Lorem lorem lorem. Lorem lorem lorem.\nLorem lorem lorem. Lorem lorem lorem. Lorem lorem lorem.\nLorem lorem lorem. Lorem lorem lorem. Lorem lorem lorem.\n",
    "publishDate": "2023-09-26T02:22:37.4716031+00:00"
}
]]></system-out>
  </testcase>
  <testcase name="VerifyResponseCodeForDeleteRequest" classname="apiTest.ValidateDeleteRequest" time="0.631">
    <system-out><![CDATA[
]]></system-out>
  </testcase>
</testsuite>